<?xml version="1.0" encoding="UTF-8"?>
<testsuites name="jest tests" tests="22" failures="0" errors="0" time="10.713">
  <testsuite name="Matches Routes" errors="0" failures="0" skipped="0" timestamp="2026-02-17T08:23:18" time="6.74" tests="12">
    <testcase classname="Matches Routes POST /matches should initiate a match successfully" name="Matches Routes POST /matches should initiate a match successfully" time="0.848">
    </testcase>
    <testcase classname="Matches Routes POST /matches should not allow a user to match with themselves" name="Matches Routes POST /matches should not allow a user to match with themselves" time="0.379">
    </testcase>
    <testcase classname="Matches Routes POST /matches should not allow creating a duplicate match" name="Matches Routes POST /matches should not allow creating a duplicate match" time="0.456">
    </testcase>
    <testcase classname="Matches Routes GET /matches should get a user&apos;s matches" name="Matches Routes GET /matches should get a user&apos;s matches" time="0.466">
    </testcase>
    <testcase classname="Matches Routes PUT /matches/:id/accept should allow the receiver to accept a match" name="Matches Routes PUT /matches/:id/accept should allow the receiver to accept a match" time="0.423">
    </testcase>
    <testcase classname="Matches Routes PUT /matches/:id/accept should not allow the initiator to accept a match" name="Matches Routes PUT /matches/:id/accept should not allow the initiator to accept a match" time="0.406">
    </testcase>
    <testcase classname="Matches Routes PUT /matches/:id/accept should not allow accepting a match that is not pending" name="Matches Routes PUT /matches/:id/accept should not allow accepting a match that is not pending" time="0.465">
    </testcase>
    <testcase classname="Matches Routes PUT /matches/:id/accept should return 404 for a non-existent match id" name="Matches Routes PUT /matches/:id/accept should return 404 for a non-existent match id" time="0.395">
    </testcase>
    <testcase classname="Matches Routes PUT /matches/:id/reject should allow the receiver to reject a match" name="Matches Routes PUT /matches/:id/reject should allow the receiver to reject a match" time="0.462">
    </testcase>
    <testcase classname="Matches Routes PUT /matches/:id/reject should not allow the initiator to reject a match" name="Matches Routes PUT /matches/:id/reject should not allow the initiator to reject a match" time="0.454">
    </testcase>
    <testcase classname="Matches Routes PUT /matches/:id/reject should not allow rejecting a match that is not pending" name="Matches Routes PUT /matches/:id/reject should not allow rejecting a match that is not pending" time="0.459">
    </testcase>
    <testcase classname="Matches Routes PUT /matches/:id/reject should return 404 for a non-existent match id" name="Matches Routes PUT /matches/:id/reject should return 404 for a non-existent match id" time="0.451">
    </testcase>
  </testsuite>
  <testsuite name="Profile Routes" errors="0" failures="0" skipped="0" timestamp="2026-02-17T08:23:25" time="1.262" tests="3">
    <testcase classname="Profile Routes PUT /profile should update a user profile successfully" name="Profile Routes PUT /profile should update a user profile successfully" time="0.374">
    </testcase>
    <testcase classname="Profile Routes PUT /profile should not update a profile with an invalid token" name="Profile Routes PUT /profile should not update a profile with an invalid token" time="0.242">
    </testcase>
    <testcase classname="Profile Routes PUT /profile should not update a profile without a token" name="Profile Routes PUT /profile should not update a profile without a token" time="0.245">
    </testcase>
  </testsuite>
  <testsuite name="Discovery Routes" errors="0" failures="0" skipped="0" timestamp="2026-02-17T08:23:26" time="1.031" tests="2">
    <testcase classname="Discovery Routes should return users that are not the logged-in user" name="Discovery Routes should return users that are not the logged-in user" time="0.382">
    </testcase>
    <testcase classname="Discovery Routes should not return users that are already matched" name="Discovery Routes should not return users that are already matched" time="0.342">
    </testcase>
  </testsuite>
  <testsuite name="Auth Routes" errors="0" failures="0" skipped="0" timestamp="2026-02-17T08:23:27" time="1.451" tests="5">
    <testcase classname="Auth Routes POST /auth/register should register a new user successfully" name="Auth Routes POST /auth/register should register a new user successfully" time="0.241">
    </testcase>
    <testcase classname="Auth Routes POST /auth/register should not register a user with an existing email" name="Auth Routes POST /auth/register should not register a user with an existing email" time="0.29">
    </testcase>
    <testcase classname="Auth Routes POST /auth/login should login an existing user successfully" name="Auth Routes POST /auth/login should login an existing user successfully" time="0.245">
    </testcase>
    <testcase classname="Auth Routes POST /auth/login should not login with a wrong password" name="Auth Routes POST /auth/login should not login with a wrong password" time="0.234">
    </testcase>
    <testcase classname="Auth Routes POST /auth/login should not login a non-existent user" name="Auth Routes POST /auth/login should not login a non-existent user" time="0.128">
    </testcase>
  </testsuite>
</testsuites>